#
# A fatal error has been detected by the Java Runtime Environment:
#
#  SIGSEGV (0xb) at pc=0x00007c20f2618f3e, pid=8801, tid=8812
#
# JRE version: OpenJDK Runtime Environment (17.0.16+8) (build 17.0.16+8-Ubuntu-0ubuntu122.04.1)
# Java VM: OpenJDK 64-Bit Server VM (17.0.16+8-Ubuntu-0ubuntu122.04.1, mixed mode, sharing, tiered, compressed oops, compressed class ptrs, g1 gc, linux-amd64)
# Problematic frame:
# V  [libjvm.so+0x818f3e]  InstanceKlass::find_local_field(Symbol*, Symbol*, fieldDescriptor*) const+0xae
#
# Core dump will be written. Default location: Core dumps may be processed with "/usr/share/apport/apport -p%p -s%s -c%c -d%d -P%P -u%u -g%g -F%F -- %E" (or dumping to /home/maanaim-som/estudos/E-Commerce-API/core.8801)
#
# If you would like to submit a bug report, please visit:
#   https://bugs.launchpad.net/ubuntu/+source/openjdk-17
#

---------------  S U M M A R Y ------------

Command Line: -Xmx64m -Xms64m -Dorg.gradle.appname=gradlew /home/maanaim-som/estudos/E-Commerce-API/gradle/wrapper/gradle-wrapper.jar bootRun

Host: Intel(R) Core(TM)2 Duo CPU     T6600  @ 2.20GHz, 2 cores, 3G, Ubuntu 22.04.5 LTS
Time: Wed Aug 27 11:26:24 2025 -03 elapsed time: 0.125134 seconds (0d 0h 0m 0s)

---------------  T H R E A D  ---------------

Current thread (0x00007c20ec018570):  JavaThread "main" [_thread_in_vm, id=8812, stack(0x00007c20f1900000,0x00007c20f1a00000)]

Stack: [0x00007c20f1900000,0x00007c20f1a00000],  sp=0x00007c20f19fc9c0,  free space=1010k
Native frames: (J=compiled Java code, j=interpreted, Vv=VM code, C=native code)
V  [libjvm.so+0x818f3e]  InstanceKlass::find_local_field(Symbol*, Symbol*, fieldDescriptor*) const+0xae
V  [libjvm.so+0x81967a]  InstanceKlass::find_field(Symbol*, Symbol*, fieldDescriptor*) const+0x2a
V  [libjvm.so+0xab3cbd]  LinkResolver::resolve_field(fieldDescriptor&, LinkInfo const&, Bytecodes::Code, bool, JavaThread*)+0x5d
V  [libjvm.so+0xab4657]  LinkResolver::resolve_field_access(fieldDescriptor&, constantPoolHandle const&, int, methodHandle const&, Bytecodes::Code, JavaThread*)+0xe7
V  [libjvm.so+0x834ed3]  InterpreterRuntime::resolve_get_put(JavaThread*, Bytecodes::Code)+0x173
V  [libjvm.so+0x8359e5]  InterpreterRuntime::resolve_from_cache(JavaThread*, Bytecodes::Code)+0x195
j  jdk.internal.org.objectweb.asm.ClassReader.<init>([BIZ)V+6 java.base@17.0.16
j  jdk.internal.org.objectweb.asm.ClassReader.<init>([BII)V+4 java.base@17.0.16
j  jdk.internal.org.objectweb.asm.ClassReader.<init>([B)V+5 java.base@17.0.16
j  java.lang.invoke.MethodHandles$Lookup$ClassFile.newInstance([BLjava/lang/String;)Ljava/lang/invoke/MethodHandles$Lookup$ClassFile;+104 java.base@17.0.16
j  java.lang.invoke.MethodHandles$Lookup.makeHiddenClassDefiner([BLjava/util/Set;Z)Ljava/lang/invoke/MethodHandles$Lookup$ClassDefiner;+8 java.base@17.0.16
j  java.lang.invoke.MethodHandles$Lookup.defineHiddenClass([BZ[Ljava/lang/invoke/MethodHandles$Lookup$ClassOption;)Ljava/lang/invoke/MethodHandles$Lookup;+61 java.base@17.0.16
j  java.lang.invoke.InnerClassLambdaMetafactory.generateInnerClass()Ljava/lang/Class;+580 java.base@17.0.16
j  java.lang.invoke.InnerClassLambdaMetafactory.spinInnerClass()Ljava/lang/Class;+114 java.base@17.0.16
j  java.lang.invoke.InnerClassLambdaMetafactory.buildCallSite()Ljava/lang/invoke/CallSite;+1 java.base@17.0.16
j  java.lang.invoke.LambdaMetafactory.metafactory(Ljava/lang/invoke/MethodHandles$Lookup;Ljava/lang/String;Ljava/lang/invoke/MethodType;Ljava/lang/invoke/MethodType;Ljava/lang/invoke/MethodHandle;Ljava/lang/invoke/MethodType;)Ljava/lang/invoke/CallSite;+67 java.base@17.0.16
j  java.lang.invoke.DirectMethodHandle$Holder.invokeStatic(Ljava/lang/Object;Ljava/lang/Object;Ljava/lang/Object;Ljava/lang/Object;Ljava/lang/Object;Ljava/lang/Object;Ljava/lang/Object;)Ljava/lang/Object;+20 java.base@17.0.16
j  java.lang.invoke.Invokers$Holder.invokeExact_MT(Ljava/lang/Object;Ljava/lang/Object;Ljava/lang/Object;Ljava/lang/Object;Ljava/lang/Object;Ljava/lang/Object;Ljava/lang/Object;Ljava/lang/Object;)Ljava/lang/Object;+28 java.base@17.0.16
j  java.lang.invoke.BootstrapMethodInvoker.invoke(Ljava/lang/Class;Ljava/lang/invoke/MethodHandle;Ljava/lang/String;Ljava/lang/Object;Ljava/lang/Object;Ljava/lang/Class;)Ljava/lang/Object;+319 java.base@17.0.16
j  java.lang.invoke.CallSite.makeSite(Ljava/lang/invoke/MethodHandle;Ljava/lang/String;Ljava/lang/invoke/MethodType;Ljava/lang/Object;Ljava/lang/Class;)Ljava/lang/invoke/CallSite;+8 java.base@17.0.16
j  java.lang.invoke.MethodHandleNatives.linkCallSiteImpl(Ljava/lang/Class;Ljava/lang/invoke/MethodHandle;Ljava/lang/String;Ljava/lang/invoke/MethodType;Ljava/lang/Object;[Ljava/lang/Object;)Ljava/lang/invoke/MemberName;+6 java.base@17.0.16
j  java.lang.invoke.MethodHandleNatives.linkCallSite(Ljava/lang/Object;ILjava/lang/Object;Ljava/lang/Object;Ljava/lang/Object;Ljava/lang/Object;[Ljava/lang/Object;)Ljava/lang/invoke/MemberName;+46 java.base@17.0.16
v  ~StubRoutines::call_stub
V  [libjvm.so+0x83aad5]  JavaCalls::call_helper(JavaValue*, methodHandle const&, JavaCallArguments*, JavaThread*)+0x325
V  [libjvm.so+0x83ae7b]  JavaCalls::call_static(JavaValue*, Klass*, Symbol*, Symbol*, JavaCallArguments*, JavaThread*)+0x11b
V  [libjvm.so+0xe722b9]  SystemDictionary::invoke_bootstrap_method(BootstrapInfo&, JavaThread*)+0x259
V  [libjvm.so+0xab0eb6]  LinkResolver::resolve_dynamic_call(CallInfo&, BootstrapInfo&, JavaThread*)+0x26
V  [libjvm.so+0xab102e]  LinkResolver::resolve_invokedynamic(CallInfo&, constantPoolHandle const&, int, JavaThread*)+0x9e
V  [libjvm.so+0x8335d9]  InterpreterRuntime::resolve_invokedynamic(JavaThread*)+0x129
V  [libjvm.so+0x8359d5]  InterpreterRuntime::resolve_from_cache(JavaThread*, Bytecodes::Code)+0x185
j  java.util.regex.CharPredicates.ctype(I)Ljava/util/regex/Pattern$CharPredicate;+1 java.base@17.0.16
j  java.util.regex.CharPredicates.forProperty(Ljava/lang/String;Z)Ljava/util/regex/Pattern$CharPredicate;+2402 java.base@17.0.16
j  java.util.regex.Pattern.family(ZZ)Ljava/util/regex/Pattern$CharPredicate;+605 java.base@17.0.16
j  java.util.regex.Pattern.sequence(Ljava/util/regex/Pattern$Node;)Ljava/util/regex/Pattern$Node;+329 java.base@17.0.16
j  java.util.regex.Pattern.expr(Ljava/util/regex/Pattern$Node;)Ljava/util/regex/Pattern$Node;+12 java.base@17.0.16
j  java.util.regex.Pattern.group0()Ljava/util/regex/Pattern$Node;+655 java.base@17.0.16
j  java.util.regex.Pattern.sequence(Ljava/util/regex/Pattern$Node;)Ljava/util/regex/Pattern$Node;+137 java.base@17.0.16
j  java.util.regex.Pattern.expr(Ljava/util/regex/Pattern$Node;)Ljava/util/regex/Pattern$Node;+12 java.base@17.0.16
j  java.util.regex.Pattern.compile()V+222 java.base@17.0.16
j  java.util.regex.Pattern.<init>(Ljava/lang/String;I)V+108 java.base@17.0.16
j  java.util.regex.Pattern.compile(Ljava/lang/String;)Ljava/util/regex/Pattern;+6 java.base@17.0.16
j  org.gradle.cli.CommandLineParser.<clinit>()V+12
v  ~StubRoutines::call_stub
V  [libjvm.so+0x83aad5]  JavaCalls::call_helper(JavaValue*, methodHandle const&, JavaCallArguments*, JavaThread*)+0x325
V  [libjvm.so+0x8187ef]  InstanceKlass::call_class_initializer(JavaThread*)+0x26f
V  [libjvm.so+0x81b013]  InstanceKlass::initialize_impl(JavaThread*)+0x723
V  [libjvm.so+0x8331f9]  InterpreterRuntime::_new(JavaThread*, ConstantPool*, int)+0x179
j  org.gradle.wrapper.GradleWrapperMain.main([Ljava/lang/String;)V+90
v  ~StubRoutines::call_stub
V  [libjvm.so+0x83aad5]  JavaCalls::call_helper(JavaValue*, methodHandle const&, JavaCallArguments*, JavaThread*)+0x325
V  [libjvm.so+0x8d3e1a]  jni_invoke_static(JNIEnv_*, JavaValue*, _jobject*, JNICallType, _jmethodID*, JNI_ArgumentPusher*, JavaThread*) [clone .constprop.1]+0x3aa
V  [libjvm.so+0x8e620f]  jni_CallStaticVoidMethod+0x25f
C  [libjli.so+0x4a25]  JavaMain+0xd75
C  [libjli.so+0x7fdd]  ThreadJavaMain+0xd

Java frames: (J=compiled Java code, j=interpreted, Vv=VM code)
j  jdk.internal.org.objectweb.asm.ClassReader.<init>([BIZ)V+6 java.base@17.0.16
j  jdk.internal.org.objectweb.asm.ClassReader.<init>([BII)V+4 java.base@17.0.16
j  jdk.internal.org.objectweb.asm.ClassReader.<init>([B)V+5 java.base@17.0.16
j  java.lang.invoke.MethodHandles$Lookup$ClassFile.newInstance([BLjava/lang/String;)Ljava/lang/invoke/MethodHandles$Lookup$ClassFile;+104 java.base@17.0.16
j  java.lang.invoke.MethodHandles$Lookup.makeHiddenClassDefiner([BLjava/util/Set;Z)Ljava/lang/invoke/MethodHandles$Lookup$ClassDefiner;+8 java.base@17.0.16
j  java.lang.invoke.MethodHandles$Lookup.defineHiddenClass([BZ[Ljava/lang/invoke/MethodHandles$Lookup$ClassOption;)Ljava/lang/invoke/MethodHandles$Lookup;+61 java.base@17.0.16
j  java.lang.invoke.InnerClassLambdaMetafactory.generateInnerClass()Ljava/lang/Class;+580 java.base@17.0.16
j  java.lang.invoke.InnerClassLambdaMetafactory.spinInnerClass()Ljava/lang/Class;+114 java.base@17.0.16
j  java.lang.invoke.InnerClassLambdaMetafactory.buildCallSite()Ljava/lang/invoke/CallSite;+1 java.base@17.0.16
j  java.lang.invoke.LambdaMetafactory.metafactory(Ljava/lang/invoke/MethodHandles$Lookup;Ljava/lang/String;Ljava/lang/invoke/MethodType;Ljava/lang/invoke/MethodType;Ljava/lang/invoke/MethodHandle;Ljava/lang/invoke/MethodType;)Ljava/lang/invoke/CallSite;+67 java.base@17.0.16
j  java.lang.invoke.DirectMethodHandle$Holder.invokeStatic(Ljava/lang/Object;Ljava/lang/Object;Ljava/lang/Object;Ljava/lang/Object;Ljava/lang/Object;Ljava/lang/Object;Ljava/lang/Object;)Ljava/lang/Object;+20 java.base@17.0.16
j  java.lang.invoke.Invokers$Holder.invokeExact_MT(Ljava/lang/Object;Ljava/lang/Object;Ljava/lang/Object;Ljava/lang/Object;Ljava/lang/Object;Ljava/lang/Object;Ljava/lang/Object;Ljava/lang/Object;)Ljava/lang/Object;+28 java.base@17.0.16
j  java.lang.invoke.BootstrapMethodInvoker.invoke(Ljava/lang/Class;Ljava/lang/invoke/MethodHandle;Ljava/lang/String;Ljava/lang/Object;Ljava/lang/Object;Ljava/lang/Class;)Ljava/lang/Object;+319 java.base@17.0.16
j  java.lang.invoke.CallSite.makeSite(Ljava/lang/invoke/MethodHandle;Ljava/lang/String;Ljava/lang/invoke/MethodType;Ljava/lang/Object;Ljava/lang/Class;)Ljava/lang/invoke/CallSite;+8 java.base@17.0.16
j  java.lang.invoke.MethodHandleNatives.linkCallSiteImpl(Ljava/lang/Class;Ljava/lang/invoke/MethodHandle;Ljava/lang/String;Ljava/lang/invoke/MethodType;Ljava/lang/Object;[Ljava/lang/Object;)Ljava/lang/invoke/MemberName;+6 java.base@17.0.16
j  java.lang.invoke.MethodHandleNatives.linkCallSite(Ljava/lang/Object;ILjava/lang/Object;Ljava/lang/Object;Ljava/lang/Object;Ljava/lang/Object;[Ljava/lang/Object;)Ljava/lang/invoke/MemberName;+46 java.base@17.0.16
v  ~StubRoutines::call_stub
j  java.util.regex.CharPredicates.ctype(I)Ljava/util/regex/Pattern$CharPredicate;+1 java.base@17.0.16
j  java.util.regex.CharPredicates.forProperty(Ljava/lang/String;Z)Ljava/util/regex/Pattern$CharPredicate;+2402 java.base@17.0.16
j  java.util.regex.Pattern.family(ZZ)Ljava/util/regex/Pattern$CharPredicate;+605 java.base@17.0.16
j  java.util.regex.Pattern.sequence(Ljava/util/regex/Pattern$Node;)Ljava/util/regex/Pattern$Node;+329 java.base@17.0.16
j  java.util.regex.Pattern.expr(Ljava/util/regex/Pattern$Node;)Ljava/util/regex/Pattern$Node;+12 java.base@17.0.16
j  java.util.regex.Pattern.group0()Ljava/util/regex/Pattern$Node;+655 java.base@17.0.16
j  java.util.regex.Pattern.sequence(Ljava/util/regex/Pattern$Node;)Ljava/util/regex/Pattern$Node;+137 java.base@17.0.16
j  java.util.regex.Pattern.expr(Ljava/util/regex/Pattern$Node;)Ljava/util/regex/Pattern$Node;+12 java.base@17.0.16
j  java.util.regex.Pattern.compile()V+222 java.base@17.0.16
j  java.util.regex.Pattern.<init>(Ljava/lang/String;I)V+108 java.base@17.0.16
j  java.util.regex.Pattern.compile(Ljava/lang/String;)Ljava/util/regex/Pattern;+6 java.base@17.0.16
j  org.gradle.cli.CommandLineParser.<clinit>()V+12
v  ~StubRoutines::call_stub
j  org.gradle.wrapper.GradleWrapperMain.main([Ljava/lang/String;)V+90
v  ~StubRoutines::call_stub

siginfo: si_signo: 11 (SIGSEGV), si_code: 128 (SI_KERNEL), si_addr: 0x0000000000000000

Registers:
RAX=0x00007c20ec0190b0, RBX=0x00007c20775ae228, RCX=0x00007c20777937a8, RDX=0x000000000000000b
RSP=0x00007c20f19fc9c0, RBP=0x00007c20f19fca40, RSI=0x000000000000000a, RDI=0x00007c20f3101f98
R8 =0x00007c20ec018570, R9 =0x00007c20f19fcd10, R10=0x00007c2077455020, R11=0x00007c20dcec80a0
R12=0x000000000000000e, R13=0x00007c2077455020, R14=0x00007c207717b610, R15=0x04007c207717ee00
RIP=0x00007c20f2618f3e, EFLAGS=0x0000000000010293, CSGSFS=0x002b000000000033, ERR=0x0000000000000000
  TRAPNO=0x000000000000000d

XMM[0]=0x0000000000000000 0x0000000000000000
XMM[1]=0x0000000000000000 0x00007c20ec018570
XMM[2]=0x0000000000000000 0x00007c20777937a8
XMM[3]=0x00007c20f19fcdb0 0x00007c20f19fce08
XMM[4]=0x0000000000000000 0x00007c20ec018570
XMM[5]=0x0000000000000000 0x00007c20ec018570
XMM[6]=0x0000000000000000 0x00007c20ec018570
XMM[7]=0x0000000000000000 0x00007c20ec018570
XMM[8]=0x0000000000000000 0x0000000000000000
XMM[9]=0x0000000000000000 0x00000000ffff0000
XMM[10]=0x0000000000000000 0x0000000000000000
XMM[11]=0x0000000000000000 0x00000000ffff0000
XMM[12]=0x0000000000000000 0x00007c20f305fa48
XMM[13]=0x0000000000000000 0x00007c20f305f850
XMM[14]=0x0000000000000000 0x00007c20f305f7f8
XMM[15]=0x0000000000000000 0x0000070080000002
  MXCSR=0x00001fa0


Register to memory mapping:

RAX=0x00007c20ec0190b0 points into unknown readable memory: 0x00007c2073402960 | 60 29 40 73 20 7c 00 00
RBX=0x00007c20775ae228 is pointing into metadata
RCX=0x00007c20777937a8 is pointing into metadata
RDX=0x000000000000000b is an unknown value
RSP=0x00007c20f19fc9c0 is pointing into the stack for thread: 0x00007c20ec018570
RBP=0x00007c20f19fca40 is pointing into the stack for thread: 0x00007c20ec018570
RSI=0x000000000000000a is an unknown value
RDI=0x00007c20f3101f98: <offset 0x0000000001301f98> in /usr/lib/jvm/java-17-openjdk-amd64/lib/server/libjvm.so at 0x00007c20f1e00000
R8 =0x00007c20ec018570 is a thread
R9 =0x00007c20f19fcd10 is pointing into the stack for thread: 0x00007c20ec018570
R10=0x00007c2077455020 is pointing into metadata
R11=0x00007c20dcec80a0 is at entry_point+32 in (nmethod*)0x00007c20dcec7f10
Compiled method (c2)     147   21       4       java.lang.Object::<init> (1 bytes)
 total in heap  [0x00007c20dcec7f10,0x00007c20dcec8130] = 544
 relocation     [0x00007c20dcec8070,0x00007c20dcec8080] = 16
 main code      [0x00007c20dcec8080,0x00007c20dcec80e0] = 96
 stub code      [0x00007c20dcec80e0,0x00007c20dcec80f8] = 24
 metadata       [0x00007c20dcec80f8,0x00007c20dcec8100] = 8
 scopes data    [0x00007c20dcec8100,0x00007c20dcec8108] = 8
 scopes pcs     [0x00007c20dcec8108,0x00007c20dcec8128] = 32
 dependencies   [0x00007c20dcec8128,0x00007c20dcec8130] = 8
R12=0x000000000000000e is an unknown value
R13=0x00007c2077455020 is pointing into metadata
R14=0x00007c207717b610 is a pointer to class: 
jdk.internal.org.objectweb.asm.ClassReader {0x00007c207717b610}
 - instance size:     6
 - klass size:        86
 - access:            public synchronized 
 - state:             fully_initialized
 - name:              'jdk/internal/org/objectweb/asm/ClassReader'
 - super:             'java/lang/Object'
 - sub:               
 - arrays:            NULL
 - methods:           Array<T>(0x00007c20777958f0)
 - method ordering:   Array<T>(0x00007c2077795a80)
 - local interfaces:  Array<T>(0x00007c20775d7ae8)
 - trans. interfaces: Array<T>(0x00007c20775d7ae8)
 - constants:         constant pool [1056] {0x00007c20777937a8} for 'jdk/internal/org/objectweb/asm/ClassReader' cache=0x00007c207717ca80
 - class loader data:  loader data: 0x00007c20ec078670 of 'bootstrap'
 - source file:       'ClassReader.java'
 - class annotations:       Array<T>(0x0000000000000000)
 - class type annotations:  Array<T>(0x0000000000000000)
 - field annotations:       Array<T>(0x00007c2077793730)
 - field type annotations:  Array<T>(0x0000000000000000)
 - inner classes:     Array<T>(0x00007c20775d7a78)
 - nest members:     Array<T>(0x00007c20775d7a78)
 - permitted subclasses:     Array<T>(0x00007c20775d7a78)
 - java mirror:       a 'java/lang/Class'{0x00000000ffe0ed58} = 'jdk/internal/org/objectweb/asm/ClassReader'
 - vtable length      25  (start addr: 0x00007c207717b7e0)
 - itable length      2 (start addr: 0x00007c207717b8a8)
 - ---- static fields (3 words):

[error occurred during error reporting (printing register info), id 0xb, SIGSEGV (0xb) at pc=0x00007c20f261d09a]

Top of Stack: (sp=0x00007c20f19fc9c0)
0x00007c20f19fc9c0:   00007c20f19fccc0 00007c20777937a8
0x00007c20f19fc9d0:   04007c207717ee00 00007c20777937a8
0x00007c20f19fc9e0:   00007c20ec018570 00007c2000000000
0x00007c20f19fc9f0:   0000000000000001 00007c2000000000
0x00007c20f19fca00:   0000000000000000 0000000000000000
0x00007c20f19fca10:   0000000000000010 00007c20f19fcc20
0x00007c20f19fca20:   00007c207717b610 00007c20f19fccc0
0x00007c20f19fca30:   00007c2077455020 00007c20775ae228
0x00007c20f19fca40:   00007c20f19fca90 00007c20f261967a
0x00007c20f19fca50:   00007c20f19fcbc0 00007c207717b610
0x00007c20f19fca60:   00007c20f19fcad0 00007c20f19fcc20
0x00007c20f19fca70:   00007c20f19fccc0 00007c20ec018570
0x00007c20f19fca80:   00007c20775ae228 00007c207717b610
0x00007c20f19fca90:   00007c20f19fcc00 00007c20f28b3cbd
0x00007c20f19fcaa0:   00007c2077000d68 00007c20f19fcbf0
0x00007c20f19fcab0:   00007c20f19fcbc0 00007c20f28b480d
0x00007c20f19fcac0:   00007c20f19fcb20 00007c20f24055cd
0x00007c20f19fcad0:   00007c2054019690 00007c2054019730
0x00007c20f19fcae0:   00007c2000000001 0000000b00000001
0x00007c20f19fcaf0:   00007c20000000b5 00007c2077455020
0x00007c20f19fcb00:   00007c20ec018570 00007c20f19fcb40
0x00007c20f19fcb10:   000000000000000b 00007c20f19fcc10
0x00007c20f19fcb20:   00007c20f19fcb70 00007c20f24061c3
0x00007c20f19fcb30:   00007c207717b610 00007c20f19fcc80
0x00007c20f19fcb40:   00007c20777937a8 00007c20ec018570
0x00007c20f19fcb50:   00007c20f19fcbf0 00007c20f19fcbf0
0x00007c20f19fcb60:   00007c20f19fcb80 00007c20ec018570
0x00007c20f19fcb70:   00007c20f19fcbc0 0000000200000000
0x00007c20f19fcb80:   0000000000000000 00007c20ec019090
0x00007c20f19fcb90:   00007c20ec018570 00007c20f19fcbd0
0x00007c20f19fcba0:   0000000000000002 00007c20f19fcd10
0x00007c20f19fcbb0:   00007c20f19fcc00 00007c20f24061c3 

Instructions: (pc=0x00007c20f2618f3e)
0x00007c20f2618e3e:   89 e7 48 8b 70 18 e8 d7 a6 ea ff 48 89 da 4c 89
0x00007c20f2618e4e:   f6 4c 89 e7 41 ff d5 48 83 7b 08 00 75 9f 48 8b
0x00007c20f2618e5e:   4d 90 8b 55 a8 44 8b 7d ac e9 72 ff ff ff 48 89
0x00007c20f2618e6e:   c7 48 89 45 88 e8 58 39 a7 ff 48 8b 45 88 48 63
0x00007c20f2618e7e:   30 e9 d9 fe ff ff 66 66 2e 0f 1f 84 00 00 00 00
0x00007c20f2618e8e:   00 90 f3 0f 1e fa 55 48 89 e5 41 57 41 56 49 89
0x00007c20f2618e9e:   fe 41 55 49 89 d5 41 54 53 48 89 f3 48 83 ec 58
0x00007c20f2618eae:   48 89 4d 80 48 8b 8f e8 00 00 00 4c 8b bf c8 01
0x00007c20f2618ebe:   00 00 44 0f b7 a7 36 01 00 00 48 89 4d 88 66 48
0x00007c20f2618ece:   8d 3d c4 90 ae 00 66 66 48 e8 a4 86 a3 ff 48 8b
0x00007c20f2618ede:   4d 88 66 49 0f 6e c7 66 48 0f 6e d1 66 0f 6c c2
0x00007c20f2618eee:   0f 29 45 90 48 8b 00 48 89 45 a0 48 85 c9 74 2a
0x00007c20f2618efe:   4c 8b b8 48 02 00 00 49 63 37 41 3b 77 04 0f 84
0x00007c20f2618f0e:   36 01 00 00 49 8b 47 08 48 8b 4d 88 8d 56 01 41
0x00007c20f2618f1e:   89 17 48 89 0c f0 4c 8b 7d 90 66 0f ef c0 c7 45
0x00007c20f2618f2e:   a8 00 00 00 00 c7 45 b8 00 00 00 00 0f 29 45 c0
0x00007c20f2618f3e:   41 8b 37 85 f6 7e 25 31 c0 66 0f 1f 84 00 00 00
0x00007c20f2618f4e:   00 00 41 0f b7 54 47 04 66 81 e2 00 08 66 83 fa
0x00007c20f2618f5e:   01 83 d6 ff 48 83 c0 06 39 c6 7f e6 66 41 0f 6e
0x00007c20f2618f6e:   c4 66 0f 6e ce 66 0f 62 c1 66 0f d6 45 ac 45 85
0x00007c20f2618f7e:   e4 74 6f 4c 8b 4d 98 49 8d 47 04 45 31 c0 eb 42
0x00007c20f2618f8e:   66 90 4c 8d 1d e9 72 b5 00 4d 8b 14 d3 49 8b 14
0x00007c20f2618f9e:   f3 4c 39 d3 40 0f 94 c6 49 39 d5 0f 94 c2 40 20
0x00007c20f2618fae:   d6 41 89 f7 75 6c 66 f7 c7 00 08 74 04 83 45 b0
0x00007c20f2618fbe:   01 41 83 c0 01 48 83 c0 0c 44 89 45 a8 45 39 c4
0x00007c20f2618fce:   74 20 0f b7 38 0f b7 50 02 0f b7 70 04 66 f7 c7
0x00007c20f2618fde:   00 04 75 ae 4d 8b 54 d1 48 49 8b 54 f1 48 eb b1
0x00007c20f2618fee:   66 90 48 8d 7d c0 45 31 ff e8 74 ed fa ff 48 8d
0x00007c20f2618ffe:   7d 98 e8 6b ed fa ff 48 83 c4 58 44 89 f8 5b 41
0x00007c20f261900e:   5c 41 5d 41 5e 41 5f 5d c3 66 0f 1f 84 00 00 00
0x00007c20f261901e:   00 00 48 8b 7d 80 44 89 c2 4c 89 f6 e8 f1 a4 ea
0x00007c20f261902e:   ff 48 8d 7d c0 e8 38 ed fa ff 48 8d 7d 98 e8 2f 


Stack slot to memory mapping:
stack at sp + 0 slots: 0x00007c20f19fccc0 is pointing into the stack for thread: 0x00007c20ec018570
stack at sp + 1 slots: 0x00007c20777937a8 is pointing into metadata
stack at sp + 2 slots: 0x04007c207717ee00 is an unknown value
stack at sp + 3 slots: 0x00007c20777937a8 is pointing into metadata
stack at sp + 4 slots: 0x00007c20ec018570 is a thread
stack at sp + 5 slots: 0x00007c2000000000 is an unknown value
stack at sp + 6 slots: 0x0000000000000001 is an unknown value
stack at sp + 7 slots: 0x00007c2000000000 is an unknown value


---------------  P R O C E S S  ---------------

Threads class SMR info:
_java_thread_list=0x00007c20ec0b6270, length=11, elements={
0x00007c20ec018570, 0x00007c20ec095270, 0x00007c20ec096650, 0x00007c20ec09bbf0,
0x00007c20ec09cfa0, 0x00007c20ec09e3b0, 0x00007c20ec09fd60, 0x00007c20ec0a1290,
0x00007c20ec0a2700, 0x00007c20ec0b2670, 0x00007c20ec0b52e0
}

Java Threads: ( => current thread )
=>0x00007c20ec018570 JavaThread "main" [_thread_in_vm, id=8812, stack(0x00007c20f1900000,0x00007c20f1a00000)]
  0x00007c20ec095270 JavaThread "Reference Handler" daemon [_thread_blocked, id=8819, stack(0x00007c20f08e6000,0x00007c20f09e6000)]
  0x00007c20ec096650 JavaThread "Finalizer" daemon [_thread_blocked, id=8820, stack(0x00007c20f07e6000,0x00007c20f08e6000)]
  0x00007c20ec09bbf0 JavaThread "Signal Dispatcher" daemon [_thread_blocked, id=8821, stack(0x00007c20f0100000,0x00007c20f0200000)]
  0x00007c20ec09cfa0 JavaThread "Service Thread" daemon [_thread_blocked, id=8822, stack(0x00007c20f0000000,0x00007c20f0100000)]
  0x00007c20ec09e3b0 JavaThread "Monitor Deflation Thread" daemon [_thread_blocked, id=8823, stack(0x00007c20ebf00000,0x00007c20ec000000)]
  0x00007c20ec09fd60 JavaThread "C2 CompilerThread0" daemon [_thread_blocked, id=8824, stack(0x00007c20d5300000,0x00007c20d5400000)]
  0x00007c20ec0a1290 JavaThread "C1 CompilerThread0" daemon [_thread_blocked, id=8825, stack(0x00007c20d5200000,0x00007c20d5300000)]
  0x00007c20ec0a2700 JavaThread "Sweeper thread" daemon [_thread_blocked, id=8826, stack(0x00007c20d5100000,0x00007c20d5200000)]
  0x00007c20ec0b2670 JavaThread "Notification Thread" daemon [_thread_blocked, id=8827, stack(0x00007c20d5000000,0x00007c20d5100000)]
  0x00007c20ec0b52e0 JavaThread "Common-Cleaner" daemon [_thread_blocked, id=8829, stack(0x00007c20d4dff000,0x00007c20d4eff000)]

Other Threads:
  0x00007c20ec091370 VMThread "VM Thread" [stack: 0x00007c20f09e7000,0x00007c20f0ae7000] [id=8818]
  0x00007c20ec0b3fb0 WatcherThread [stack: 0x00007c20d4f00000,0x00007c20d5000000] [id=8828]
  0x00007c20ec038d70 GCTaskThread "GC Thread#0" [stack: 0x00007c20f1313000,0x00007c20f1413000] [id=8813]
  0x00007c20ec03a740 ConcurrentGCThread "G1 Main Marker" [stack: 0x00007c20f1212000,0x00007c20f1312000] [id=8814]
  0x00007c20ec03b6b0 ConcurrentGCThread "G1 Conc#0" [stack: 0x00007c20f1111000,0x00007c20f1211000] [id=8815]
  0x00007c20ec06f6e0 ConcurrentGCThread "G1 Refine#0" [stack: 0x00007c20f0e0e000,0x00007c20f0f0e000] [id=8816]
  0x00007c20ec0705e0 ConcurrentGCThread "G1 Service" [stack: 0x00007c20f0d0d000,0x00007c20f0e0d000] [id=8817]

Threads with active compile tasks:

VM state: not at safepoint (normal execution)

VM Mutex/Monitor currently owned by a thread: None

Heap address: 0x00000000fc000000, size: 64 MB, Compressed Oops mode: 32-bit

CDS archive(s) mapped at: [0x00007c2077000000-0x00007c2077bca000-0x00007c2077bca000), size 12361728, SharedBaseAddress: 0x00007c2077000000, ArchiveRelocationMode: 1.
Compressed class space mapped at: 0x00007c2078000000-0x00007c20b8000000, reserved size: 1073741824
Narrow klass base: 0x00007c2077000000, Narrow klass shift: 0, Narrow klass range: 0x100000000

GC Precious Log:
 CPUs: 2 total, 2 available
 Memory: 3877M
 Large Page Support: Disabled
 NUMA Support: Disabled
 Compressed Oops: Enabled (32-bit)
 Heap Region Size: 1M
 Heap Min Capacity: 64M
 Heap Initial Capacity: 64M
 Heap Max Capacity: 64M
 Pre-touch: Disabled
 Parallel Workers: 2
 Concurrent Workers: 1
 Concurrent Refinement Workers: 2
 Periodic GC: Disabled

Heap:
 garbage-first heap   total 65536K, used 948K [0x00000000fc000000, 0x0000000100000000)
  region size 1024K, 1 young (1024K), 0 survivors (0K)
 Metaspace       used 203K, committed 384K, reserved 1114112K
  class space    used 16K, committed 128K, reserved 1048576K

Heap Regions: E=young(eden), S=young(survivor), O=old, HS=humongous(starts), HC=humongous(continues), CS=collection set, F=free, OA=open archive, CA=closed archive, TAMS=top-at-mark-start (previous, next)
|   0|0x00000000fc000000, 0x00000000fc000000, 0x00000000fc100000|  0%| F|  |TAMS 0x00000000fc000000, 0x00000000fc000000| Untracked 
|   1|0x00000000fc100000, 0x00000000fc100000, 0x00000000fc200000|  0%| F|  |TAMS 0x00000000fc100000, 0x00000000fc100000| Untracked 
|   2|0x00000000fc200000, 0x00000000fc200000, 0x00000000fc300000|  0%| F|  |TAMS 0x00000000fc200000, 0x00000000fc200000| Untracked 
|   3|0x00000000fc300000, 0x00000000fc300000, 0x00000000fc400000|  0%| F|  |TAMS 0x00000000fc300000, 0x00000000fc300000| Untracked 
|   4|0x00000000fc400000, 0x00000000fc400000, 0x00000000fc500000|  0%| F|  |TAMS 0x00000000fc400000, 0x00000000fc400000| Untracked 
|   5|0x00000000fc500000, 0x00000000fc500000, 0x00000000fc600000|  0%| F|  |TAMS 0x00000000fc500000, 0x00000000fc500000| Untracked 
|   6|0x00000000fc600000, 0x00000000fc600000, 0x00000000fc700000|  0%| F|  |TAMS 0x00000000fc600000, 0x00000000fc600000| Untracked 
|   7|0x00000000fc700000, 0x00000000fc700000, 0x00000000fc800000|  0%| F|  |TAMS 0x00000000fc700000, 0x00000000fc700000| Untracked 
|   8|0x00000000fc800000, 0x00000000fc800000, 0x00000000fc900000|  0%| F|  |TAMS 0x00000000fc800000, 0x00000000fc800000| Untracked 
|   9|0x00000000fc900000, 0x00000000fc900000, 0x00000000fca00000|  0%| F|  |TAMS 0x00000000fc900000, 0x00000000fc900000| Untracked 
|  10|0x00000000fca00000, 0x00000000fca00000, 0x00000000fcb00000|  0%| F|  |TAMS 0x00000000fca00000, 0x00000000fca00000| Untracked 
|  11|0x00000000fcb00000, 0x00000000fcb00000, 0x00000000fcc00000|  0%| F|  |TAMS 0x00000000fcb00000, 0x00000000fcb00000| Untracked 
|  12|0x00000000fcc00000, 0x00000000fcc00000, 0x00000000fcd00000|  0%| F|  |TAMS 0x00000000fcc00000, 0x00000000fcc00000| Untracked 
|  13|0x00000000fcd00000, 0x00000000fcd00000, 0x00000000fce00000|  0%| F|  |TAMS 0x00000000fcd00000, 0x00000000fcd00000| Untracked 
|  14|0x00000000fce00000, 0x00000000fce00000, 0x00000000fcf00000|  0%| F|  |TAMS 0x00000000fce00000, 0x00000000fce00000| Untracked 
|  15|0x00000000fcf00000, 0x00000000fcf00000, 0x00000000fd000000|  0%| F|  |TAMS 0x00000000fcf00000, 0x00000000fcf00000| Untracked 
|  16|0x00000000fd000000, 0x00000000fd000000, 0x00000000fd100000|  0%| F|  |TAMS 0x00000000fd000000, 0x00000000fd000000| Untracked 
|  17|0x00000000fd100000, 0x00000000fd100000, 0x00000000fd200000|  0%| F|  |TAMS 0x00000000fd100000, 0x00000000fd100000| Untracked 
|  18|0x00000000fd200000, 0x00000000fd200000, 0x00000000fd300000|  0%| F|  |TAMS 0x00000000fd200000, 0x00000000fd200000| Untracked 
|  19|0x00000000fd300000, 0x00000000fd300000, 0x00000000fd400000|  0%| F|  |TAMS 0x00000000fd300000, 0x00000000fd300000| Untracked 
|  20|0x00000000fd400000, 0x00000000fd400000, 0x00000000fd500000|  0%| F|  |TAMS 0x00000000fd400000, 0x00000000fd400000| Untracked 
|  21|0x00000000fd500000, 0x00000000fd500000, 0x00000000fd600000|  0%| F|  |TAMS 0x00000000fd500000, 0x00000000fd500000| Untracked 
|  22|0x00000000fd600000, 0x00000000fd600000, 0x00000000fd700000|  0%| F|  |TAMS 0x00000000fd600000, 0x00000000fd600000| Untracked 
|  23|0x00000000fd700000, 0x00000000fd700000, 0x00000000fd800000|  0%| F|  |TAMS 0x00000000fd700000, 0x00000000fd700000| Untracked 
|  24|0x00000000fd800000, 0x00000000fd800000, 0x00000000fd900000|  0%| F|  |TAMS 0x00000000fd800000, 0x00000000fd800000| Untracked 
|  25|0x00000000fd900000, 0x00000000fd900000, 0x00000000fda00000|  0%| F|  |TAMS 0x00000000fd900000, 0x00000000fd900000| Untracked 
|  26|0x00000000fda00000, 0x00000000fda00000, 0x00000000fdb00000|  0%| F|  |TAMS 0x00000000fda00000, 0x00000000fda00000| Untracked 
|  27|0x00000000fdb00000, 0x00000000fdb00000, 0x00000000fdc00000|  0%| F|  |TAMS 0x00000000fdb00000, 0x00000000fdb00000| Untracked 
|  28|0x00000000fdc00000, 0x00000000fdc00000, 0x00000000fdd00000|  0%| F|  |TAMS 0x00000000fdc00000, 0x00000000fdc00000| Untracked 
|  29|0x00000000fdd00000, 0x00000000fdd00000, 0x00000000fde00000|  0%| F|  |TAMS 0x00000000fdd00000, 0x00000000fdd00000| Untracked 
|  30|0x00000000fde00000, 0x00000000fde00000, 0x00000000fdf00000|  0%| F|  |TAMS 0x00000000fde00000, 0x00000000fde00000| Untracked 
|  31|0x00000000fdf00000, 0x00000000fdf00000, 0x00000000fe000000|  0%| F|  |TAMS 0x00000000fdf00000, 0x00000000fdf00000| Untracked 
|  32|0x00000000fe000000, 0x00000000fe000000, 0x00000000fe100000|  0%| F|  |TAMS 0x00000000fe000000, 0x00000000fe000000| Untracked 
|  33|0x00000000fe100000, 0x00000000fe100000, 0x00000000fe200000|  0%| F|  |TAMS 0x00000000fe100000, 0x00000000fe100000| Untracked 
|  34|0x00000000fe200000, 0x00000000fe200000, 0x00000000fe300000|  0%| F|  |TAMS 0x00000000fe200000, 0x00000000fe200000| Untracked 
|  35|0x00000000fe300000, 0x00000000fe300000, 0x00000000fe400000|  0%| F|  |TAMS 0x00000000fe300000, 0x00000000fe300000| Untracked 
|  36|0x00000000fe400000, 0x00000000fe400000, 0x00000000fe500000|  0%| F|  |TAMS 0x00000000fe400000, 0x00000000fe400000| Untracked 
|  37|0x00000000fe500000, 0x00000000fe500000, 0x00000000fe600000|  0%| F|  |TAMS 0x00000000fe500000, 0x00000000fe500000| Untracked 
|  38|0x00000000fe600000, 0x00000000fe600000, 0x00000000fe700000|  0%| F|  |TAMS 0x00000000fe600000, 0x00000000fe600000| Untracked 
|  39|0x00000000fe700000, 0x00000000fe700000, 0x00000000fe800000|  0%| F|  |TAMS 0x00000000fe700000, 0x00000000fe700000| Untracked 
|  40|0x00000000fe800000, 0x00000000fe800000, 0x00000000fe900000|  0%| F|  |TAMS 0x00000000fe800000, 0x00000000fe800000| Untracked 
|  41|0x00000000fe900000, 0x00000000fe900000, 0x00000000fea00000|  0%| F|  |TAMS 0x00000000fe900000, 0x00000000fe900000| Untracked 
|  42|0x00000000fea00000, 0x00000000fea00000, 0x00000000feb00000|  0%| F|  |TAMS 0x00000000fea00000, 0x00000000fea00000| Untracked 
|  43|0x00000000feb00000, 0x00000000feb00000, 0x00000000fec00000|  0%| F|  |TAMS 0x00000000feb00000, 0x00000000feb00000| Untracked 
|  44|0x00000000fec00000, 0x00000000fec00000, 0x00000000fed00000|  0%| F|  |TAMS 0x00000000fec00000, 0x00000000fec00000| Untracked 
|  45|0x00000000fed00000, 0x00000000fed00000, 0x00000000fee00000|  0%| F|  |TAMS 0x00000000fed00000, 0x00000000fed00000| Untracked 
|  46|0x00000000fee00000, 0x00000000fee00000, 0x00000000fef00000|  0%| F|  |TAMS 0x00000000fee00000, 0x00000000fee00000| Untracked 
|  47|0x00000000fef00000, 0x00000000fef00000, 0x00000000ff000000|  0%| F|  |TAMS 0x00000000fef00000, 0x00000000fef00000| Untracked 
|  48|0x00000000ff000000, 0x00000000ff000000, 0x00000000ff100000|  0%| F|  |TAMS 0x00000000ff000000, 0x00000000ff000000| Untracked 
|  49|0x00000000ff100000, 0x00000000ff100000, 0x00000000ff200000|  0%| F|  |TAMS 0x00000000ff100000, 0x00000000ff100000| Untracked 
|  50|0x00000000ff200000, 0x00000000ff200000, 0x00000000ff300000|  0%| F|  |TAMS 0x00000000ff200000, 0x00000000ff200000| Untracked 
|  51|0x00000000ff300000, 0x00000000ff300000, 0x00000000ff400000|  0%| F|  |TAMS 0x00000000ff300000, 0x00000000ff300000| Untracked 
|  52|0x00000000ff400000, 0x00000000ff400000, 0x00000000ff500000|  0%| F|  |TAMS 0x00000000ff400000, 0x00000000ff400000| Untracked 
|  53|0x00000000ff500000, 0x00000000ff500000, 0x00000000ff600000|  0%| F|  |TAMS 0x00000000ff500000, 0x00000000ff500000| Untracked 
|  54|0x00000000ff600000, 0x00000000ff600000, 0x00000000ff700000|  0%| F|  |TAMS 0x00000000ff600000, 0x00000000ff600000| Untracked 
|  55|0x00000000ff700000, 0x00000000ff700000, 0x00000000ff800000|  0%| F|  |TAMS 0x00000000ff700000, 0x00000000ff700000| Untracked 
|  56|0x00000000ff800000, 0x00000000ff800000, 0x00000000ff900000|  0%| F|  |TAMS 0x00000000ff800000, 0x00000000ff800000| Untracked 
|  57|0x00000000ff900000, 0x00000000ff900000, 0x00000000ffa00000|  0%| F|  |TAMS 0x00000000ff900000, 0x00000000ff900000| Untracked 
|  58|0x00000000ffa00000, 0x00000000ffa00000, 0x00000000ffb00000|  0%| F|  |TAMS 0x00000000ffa00000, 0x00000000ffa00000| Untracked 
|  59|0x00000000ffb00000, 0x00000000ffb00000, 0x00000000ffc00000|  0%| F|  |TAMS 0x00000000ffb00000, 0x00000000ffb00000| Untracked 
|  60|0x00000000ffc00000, 0x00000000ffc00000, 0x00000000ffd00000|  0%| F|  |TAMS 0x00000000ffc00000, 0x00000000ffc00000| Untracked 
|  61|0x00000000ffd00000, 0x00000000ffd7ae90, 0x00000000ffe00000| 48%| E|  |TAMS 0x00000000ffd00000, 0x00000000ffd00000| Complete 
|  62|0x00000000ffe00000, 0x00000000ffe75000, 0x00000000fff00000| 45%|OA|  |TAMS 0x00000000ffe00000, 0x00000000ffe00000| Untracked 
|  63|0x00000000fff00000, 0x00000000fff78000, 0x0000000100000000| 46%|CA|  |TAMS 0x00000000fff00000, 0x00000000fff00000| Untracked 

Card table byte_map: [0x00007c20f31c0000,0x00007c20f31e0000] _byte_map_base: 0x00007c20f29e0000

Marking Bits (Prev, Next): (CMBitMap*) 0x00007c20ec039800, (CMBitMap*) 0x00007c20ec039840
 Prev Bits: [0x00007c20f1513000, 0x00007c20f1613000)
 Next Bits: [0x00007c20f1413000, 0x00007c20f1513000)

Polling page: 0x00007c20f34d6000

Metaspace:

Usage:
  Non-class:    186,63 KB used.
      Class:     16,87 KB used.
       Both:    203,50 KB used.

Virtual space:
  Non-class space:       64,00 MB reserved,     256,00 KB ( <1%) committed,  1 nodes.
      Class space:        1,00 GB reserved,     128,00 KB ( <1%) committed,  1 nodes.
             Both:        1,06 GB reserved,     384,00 KB ( <1%) committed. 

Chunk freelists:
   Non-Class:  11,98 MB
       Class:  15,74 MB
        Both:  27,72 MB

MaxMetaspaceSize: unlimited
CompressedClassSpaceSize: 1,00 GB
Initial GC threshold: 21,00 MB
Current GC threshold: 21,00 MB
CDS: on
MetaspaceReclaimPolicy: balanced
 - commit_granule_bytes: 65536.
 - commit_granule_words: 8192.
 - virtual_space_node_default_size: 8388608.
 - enlarge_chunks_in_place: 1.
 - new_chunks_are_fully_committed: 0.
 - uncommit_free_chunks: 1.
 - use_allocation_guard: 0.
 - handle_deallocations: 1.


Internal statistics:

num_allocs_failed_limit: 0.
num_arena_births: 4.
num_arena_deaths: 0.
num_vsnodes_births: 2.
num_vsnodes_deaths: 0.
num_space_committed: 6.
num_space_uncommitted: 0.
num_chunks_returned_to_freelist: 0.
num_chunks_taken_from_freelist: 9.
num_chunk_merges: 0.
num_chunk_splits: 5.
num_chunks_enlarged: 3.
num_inconsistent_stats: 0.

CodeHeap 'non-profiled nmethods': size=120036Kb used=13Kb max_used=13Kb free=120022Kb
 bounds [0x00007c20dcec7000, 0x00007c20dd137000, 0x00007c20e4400000]
CodeHeap 'profiled nmethods': size=120032Kb used=18Kb max_used=18Kb free=120013Kb
 bounds [0x00007c20d5400000, 0x00007c20d5670000, 0x00007c20dc938000]
CodeHeap 'non-nmethods': size=5692Kb used=1075Kb max_used=1075Kb free=4616Kb
 bounds [0x00007c20dc938000, 0x00007c20dcba8000, 0x00007c20dcec7000]
 total_blobs=386 nmethods=33 adapters=269
 compilation: enabled
              stopped_count=0, restarted_count=0
 full_count=0

Compilation events (20 events):
Event: 0,080 Thread 0x00007c20ec0a1290   13       3       java.lang.Math::min (11 bytes)
Event: 0,080 Thread 0x00007c20ec0a1290 nmethod 13 0x00007c20d5402d10 code [0x00007c20d5402ea0, 0x00007c20d5402fd0]
Event: 0,080 Thread 0x00007c20ec0a1290   14       3       java.lang.StringLatin1::hashCode (42 bytes)
Event: 0,080 Thread 0x00007c20ec0a1290 nmethod 14 0x00007c20d5403090 code [0x00007c20d5403240, 0x00007c20d54033f0]
Event: 0,083 Thread 0x00007c20ec0a1290   15       3       java.lang.StringLatin1::canEncode (13 bytes)
Event: 0,083 Thread 0x00007c20ec0a1290 nmethod 15 0x00007c20d5403510 code [0x00007c20d54036a0, 0x00007c20d54037d0]
Event: 0,083 Thread 0x00007c20ec0a1290   16       3       java.lang.StringLatin1::indexOfChar (33 bytes)
Event: 0,083 Thread 0x00007c20ec0a1290 nmethod 16 0x00007c20d5403890 code [0x00007c20d5403a40, 0x00007c20d5403c50]
Event: 0,084 Thread 0x00007c20ec0a1290   17       3       sun.nio.fs.UnixPath::checkNotNul (16 bytes)
Event: 0,084 Thread 0x00007c20ec0a1290 nmethod 17 0x00007c20d5403d90 code [0x00007c20d5403f40, 0x00007c20d54040e0]
Event: 0,088 Thread 0x00007c20ec0a1290   18       3       java.util.concurrent.ConcurrentHashMap::spread (10 bytes)
Event: 0,088 Thread 0x00007c20ec0a1290 nmethod 18 0x00007c20d5404190 code [0x00007c20d5404320, 0x00007c20d5404410]
Event: 0,089 Thread 0x00007c20ec09fd60   21       4       java.lang.Object::<init> (1 bytes)
Event: 0,090 Thread 0x00007c20ec09fd60 nmethod 21 0x00007c20dcec7f10 code [0x00007c20dcec8080, 0x00007c20dcec80f8]
Event: 0,091 Thread 0x00007c20ec0a1290   25       3       java.util.Objects::requireNonNull (14 bytes)
Event: 0,092 Thread 0x00007c20ec0a1290 nmethod 25 0x00007c20d5404490 code [0x00007c20d5404640, 0x00007c20d5404820]
Event: 0,092 Thread 0x00007c20ec0a1290   27       1       java.lang.Class::getClassLoader0 (5 bytes)
Event: 0,092 Thread 0x00007c20ec0a1290 nmethod 27 0x00007c20dcec9390 code [0x00007c20dcec9520, 0x00007c20dcec95f0]
Event: 0,092 Thread 0x00007c20ec0a1290   30       1       java.lang.Enum::ordinal (5 bytes)
Event: 0,092 Thread 0x00007c20ec0a1290 nmethod 30 0x00007c20dcec9990 code [0x00007c20dcec9b20, 0x00007c20dcec9bf0]

GC Heap History (0 events):
No events

Dll operation events (5 events):
Event: 0,003 Loaded shared library /usr/lib/jvm/java-17-openjdk-amd64/lib/libjava.so
Event: 0,035 Loaded shared library /usr/lib/jvm/java-17-openjdk-amd64/lib/libjsvml.so
Event: 0,061 Loaded shared library /usr/lib/jvm/java-17-openjdk-amd64/lib/libnio.so
Event: 0,067 Loaded shared library /usr/lib/jvm/java-17-openjdk-amd64/lib/libzip.so
Event: 0,076 Loaded shared library /usr/lib/jvm/java-17-openjdk-amd64/lib/libverify.so

Deoptimization events (0 events):
No events

Classes loaded (20 events):
Event: 0,045 Loading class sun/nio/cs/UTF_8$Encoder
Event: 0,045 Loading class sun/nio/cs/UTF_8$Encoder done
Event: 0,057 Loading class jdk/internal/vm/PostVMInitHook
Event: 0,057 Loading class jdk/internal/vm/PostVMInitHook done
Event: 0,076 Loading class java/net/URISyntaxException
Event: 0,076 Loading class java/net/URISyntaxException done
Event: 0,079 Loading class java/lang/AssertionError
Event: 0,079 Loading class java/lang/AssertionError done
Event: 0,079 Loading class java/lang/IllegalStateException
Event: 0,079 Loading class java/lang/IllegalStateException done
Event: 0,081 Loading class java/io/FilenameFilter
Event: 0,081 Loading class java/io/FilenameFilter done
Event: 0,081 Loading class java/net/URLClassLoader
Event: 0,081 Loading class java/net/URLClassLoader done
Event: 0,082 Loading class java/nio/channels/FileLock
Event: 0,082 Loading class java/nio/channels/FileLock done
Event: 0,084 Loading class java/util/regex/Pattern$BnM
Event: 0,085 Loading class java/util/regex/Pattern$BnM done
Event: 0,085 Loading class java/util/regex/Pattern$SliceS
Event: 0,085 Loading class java/util/regex/Pattern$SliceS done

Classes unloaded (0 events):
No events

Classes redefined (0 events):
No events

Internal exceptions (0 events):
No events

VM Operations (0 events):
No events

Memory protections (11 events):
Event: 0,002 Protecting memory [0x00007c20f1900000,0x00007c20f1904000] with protection modes 0
Event: 0,041 Protecting memory [0x00007c20f08e6000,0x00007c20f08ea000] with protection modes 0
Event: 0,041 Protecting memory [0x00007c20f07e6000,0x00007c20f07ea000] with protection modes 0
Event: 0,047 Protecting memory [0x00007c20f0100000,0x00007c20f0104000] with protection modes 0
Event: 0,047 Protecting memory [0x00007c20f0000000,0x00007c20f0004000] with protection modes 0
Event: 0,048 Protecting memory [0x00007c20ebf00000,0x00007c20ebf04000] with protection modes 0
Event: 0,048 Protecting memory [0x00007c20d5300000,0x00007c20d5304000] with protection modes 0
Event: 0,048 Protecting memory [0x00007c20d5200000,0x00007c20d5204000] with protection modes 0
Event: 0,048 Protecting memory [0x00007c20d5100000,0x00007c20d5104000] with protection modes 0
Event: 0,057 Protecting memory [0x00007c20d5000000,0x00007c20d5004000] with protection modes 0
Event: 0,059 Protecting memory [0x00007c20d4dff000,0x00007c20d4e03000] with protection modes 0

Nmethod flushes (0 events):
No events

Events (11 events):
Event: 0,035 Thread 0x00007c20ec018570 Thread added: 0x00007c20ec018570
Event: 0,041 Thread 0x00007c20ec018570 Thread added: 0x00007c20ec095270
Event: 0,041 Thread 0x00007c20ec018570 Thread added: 0x00007c20ec096650
Event: 0,047 Thread 0x00007c20ec018570 Thread added: 0x00007c20ec09bbf0
Event: 0,047 Thread 0x00007c20ec018570 Thread added: 0x00007c20ec09cfa0
Event: 0,047 Thread 0x00007c20ec018570 Thread added: 0x00007c20ec09e3b0
Event: 0,048 Thread 0x00007c20ec018570 Thread added: 0x00007c20ec09fd60
Event: 0,048 Thread 0x00007c20ec018570 Thread added: 0x00007c20ec0a1290
Event: 0,048 Thread 0x00007c20ec018570 Thread added: 0x00007c20ec0a2700
Event: 0,057 Thread 0x00007c20ec018570 Thread added: 0x00007c20ec0b2670
Event: 0,059 Thread 0x00007c20ec018570 Thread added: 0x00007c20ec0b52e0


Dynamic libraries:
fc000000-ffe00000 rw-p 00000000 00:00 0 
ffe00000-ffe75000 rw-p 00c7a000 08:03 6293568                            /usr/lib/jvm/java-17-openjdk-amd64/lib/server/classes.jsa
ffe75000-fff00000 rw-p 00000000 00:00 0 
fff00000-fff78000 rw-p 00c02000 08:03 6293568                            /usr/lib/jvm/java-17-openjdk-amd64/lib/server/classes.jsa
fff78000-100000000 rw-p 00000000 00:00 0 
5bf971d87000-5bf971d88000 r--p 00000000 08:03 6292195                    /usr/lib/jvm/java-17-openjdk-amd64/bin/java
5bf971d88000-5bf971d89000 r-xp 00001000 08:03 6292195                    /usr/lib/jvm/java-17-openjdk-amd64/bin/java
5bf971d89000-5bf971d8a000 r--p 00002000 08:03 6292195                    /usr/lib/jvm/java-17-openjdk-amd64/bin/java
5bf971d8a000-5bf971d8b000 r--p 00002000 08:03 6292195                    /usr/lib/jvm/java-17-openjdk-amd64/bin/java
5bf971d8b000-5bf971d8c000 rw-p 00003000 08:03 6292195                    /usr/lib/jvm/java-17-openjdk-amd64/bin/java
5bf98da53000-5bf98da9a000 rw-p 00000000 00:00 0                          [heap]
7c204c000000-7c204c021000 rw-p 00000000 00:00 0 
7c204c021000-7c2050000000 ---p 00000000 00:00 0 
7c2054000000-7c205406f000 rw-p 00000000 00:00 0 
7c205406f000-7c2058000000 ---p 00000000 00:00 0 
7c2058000000-7c2058021000 rw-p 00000000 00:00 0 
7c2058021000-7c205c000000 ---p 00000000 00:00 0 
7c205c000000-7c205c021000 rw-p 00000000 00:00 0 
7c205c021000-7c2060000000 ---p 00000000 00:00 0 
7c2060000000-7c2060021000 rw-p 00000000 00:00 0 
7c2060021000-7c2064000000 ---p 00000000 00:00 0 
7c2064000000-7c2064021000 rw-p 00000000 00:00 0 
7c2064021000-7c2068000000 ---p 00000000 00:00 0 
7c2068000000-7c2068021000 rw-p 00000000 00:00 0 
7c2068021000-7c206c000000 ---p 00000000 00:00 0 
7c206c000000-7c206c021000 rw-p 00000000 00:00 0 
7c206c021000-7c2070000000 ---p 00000000 00:00 0 
7c2073000000-7c2073030000 rw-p 00000000 00:00 0 
7c2073030000-7c2073400000 ---p 00000000 00:00 0 
7c2073400000-7c2073410000 rw-p 00000000 00:00 0 
7c2073410000-7c2077000000 ---p 00000000 00:00 0 
7c2077000000-7c2077bca000 rw-p 00001000 08:03 6293568                    /usr/lib/jvm/java-17-openjdk-amd64/lib/server/classes.jsa
7c2077bca000-7c2078000000 ---p 00000000 00:00 0 
7c2078000000-7c2078010000 rw-p 00000000 00:00 0 
7c2078010000-7c2078040000 ---p 00000000 00:00 0 
7c2078040000-7c2078050000 rw-p 00000000 00:00 0 
7c2078050000-7c20b8000000 ---p 00000000 00:00 0 
7c20b8000000-7c20b8021000 rw-p 00000000 00:00 0 
7c20b8021000-7c20bc000000 ---p 00000000 00:00 0 
7c20bc000000-7c20bc021000 rw-p 00000000 00:00 0 
7c20bc021000-7c20c0000000 ---p 00000000 00:00 0 
7c20c0000000-7c20c0021000 rw-p 00000000 00:00 0 
7c20c0021000-7c20c4000000 ---p 00000000 00:00 0 
7c20c6000000-7c20c8000000 rw-p 00000000 00:00 0 
7c20c8000000-7c20c8021000 rw-p 00000000 00:00 0 
7c20c8021000-7c20cc000000 ---p 00000000 00:00 0 
7c20cc000000-7c20cc021000 rw-p 00000000 00:00 0 
7c20cc021000-7c20d0000000 ---p 00000000 00:00 0 
7c20d0000000-7c20d0021000 rw-p 00000000 00:00 0 
7c20d0021000-7c20d4000000 ---p 00000000 00:00 0 
7c20d4a1d000-7c20d4dff000 rw-p 00000000 00:00 0 
7c20d4dff000-7c20d4e03000 ---p 00000000 00:00 0 
7c20d4e03000-7c20d4eff000 rw-p 00000000 00:00 0 
7c20d4eff000-7c20d4f00000 ---p 00000000 00:00 0 
7c20d4f00000-7c20d5000000 rw-p 00000000 00:00 0 
7c20d5000000-7c20d5004000 ---p 00000000 00:00 0 
7c20d5004000-7c20d5100000 rw-p 00000000 00:00 0 
7c20d5100000-7c20d5104000 ---p 00000000 00:00 0 
7c20d5104000-7c20d5200000 rw-p 00000000 00:00 0 
7c20d5200000-7c20d5204000 ---p 00000000 00:00 0 
7c20d5204000-7c20d5300000 rw-p 00000000 00:00 0 
7c20d5300000-7c20d5304000 ---p 00000000 00:00 0 
7c20d5304000-7c20d5400000 rw-p 00000000 00:00 0 
7c20d5400000-7c20d5670000 rwxp 00000000 00:00 0 
7c20d5670000-7c20dc938000 ---p 00000000 00:00 0 
7c20dc938000-7c20dcba8000 rwxp 00000000 00:00 0 
7c20dcba8000-7c20dcec7000 ---p 00000000 00:00 0 
7c20dcec7000-7c20dd137000 rwxp 00000000 00:00 0 
7c20dd137000-7c20e4400000 ---p 00000000 00:00 0 
7c20e4400000-7c20ebeb5000 r--s 00000000 08:03 6293567                    /usr/lib/jvm/java-17-openjdk-amd64/lib/modules
7c20ebf00000-7c20ebf04000 ---p 00000000 00:00 0 
7c20ebf04000-7c20ec000000 rw-p 00000000 00:00 0 
7c20ec000000-7c20ec120000 rw-p 00000000 00:00 0 
7c20ec120000-7c20f0000000 ---p 00000000 00:00 0 
7c20f0000000-7c20f0004000 ---p 00000000 00:00 0 
7c20f0004000-7c20f0100000 rw-p 00000000 00:00 0 
7c20f0100000-7c20f0104000 ---p 00000000 00:00 0 
7c20f0104000-7c20f0200000 rw-p 00000000 00:00 0 
7c20f0200000-7c20f0775000 r--p 00000000 08:03 6161708                    /usr/lib/locale/locale-archive
7c20f07e6000-7c20f07ea000 ---p 00000000 00:00 0 
7c20f07ea000-7c20f08e6000 rw-p 00000000 00:00 0 
7c20f08e6000-7c20f08ea000 ---p 00000000 00:00 0 
7c20f08ea000-7c20f09e6000 rw-p 00000000 00:00 0 
7c20f09e6000-7c20f09e7000 ---p 00000000 00:00 0 
7c20f09e7000-7c20f0ae7000 rw-p 00000000 00:00 0 
7c20f0ae7000-7c20f0aec000 r--p 00000000 08:03 6293434                    /usr/lib/jvm/java-17-openjdk-amd64/lib/libjsvml.so
7c20f0aec000-7c20f0b2d000 r-xp 00005000 08:03 6293434                    /usr/lib/jvm/java-17-openjdk-amd64/lib/libjsvml.so
7c20f0b2d000-7c20f0bb6000 r--p 00046000 08:03 6293434                    /usr/lib/jvm/java-17-openjdk-amd64/lib/libjsvml.so
7c20f0bb6000-7c20f0bb7000 r--p 000ce000 08:03 6293434                    /usr/lib/jvm/java-17-openjdk-amd64/lib/libjsvml.so
7c20f0bb7000-7c20f0bb8000 rw-p 000cf000 08:03 6293434                    /usr/lib/jvm/java-17-openjdk-amd64/lib/libjsvml.so
7c20f0bb8000-7c20f0cd5000 rw-p 00000000 00:00 0 
7c20f0cdd000-7c20f0ce4000 r--s 00000000 08:03 6831605                    /usr/lib/x86_64-linux-gnu/gconv/gconv-modules.cache
7c20f0ce4000-7c20f0ce8000 r--p 00000000 08:03 6293565                    /usr/lib/jvm/java-17-openjdk-amd64/lib/libverify.so
7c20f0ce8000-7c20f0cef000 r-xp 00004000 08:03 6293565                    /usr/lib/jvm/java-17-openjdk-amd64/lib/libverify.so
7c20f0cef000-7c20f0cf1000 r--p 0000b000 08:03 6293565                    /usr/lib/jvm/java-17-openjdk-amd64/lib/libverify.so
7c20f0cf1000-7c20f0cf3000 r--p 0000c000 08:03 6293565                    /usr/lib/jvm/java-17-openjdk-amd64/lib/libverify.so
7c20f0cf3000-7c20f0cf4000 rw-p 0000e000 08:03 6293565                    /usr/lib/jvm/java-17-openjdk-amd64/lib/libverify.so
7c20f0cf4000-7c20f0cf8000 r--p 00000000 08:03 6293467                    /usr/lib/jvm/java-17-openjdk-amd64/lib/libnet.so
7c20f0cf8000-7c20f0d06000 r-xp 00004000 08:03 6293467                    /usr/lib/jvm/java-17-openjdk-amd64/lib/libnet.so
7c20f0d06000-7c20f0d0a000 r--p 00012000 08:03 6293467                    /usr/lib/jvm/java-17-openjdk-amd64/lib/libnet.so
7c20f0d0a000-7c20f0d0b000 r--p 00015000 08:03 6293467                    /usr/lib/jvm/java-17-openjdk-amd64/lib/libnet.so
7c20f0d0b000-7c20f0d0c000 rw-p 00016000 08:03 6293467                    /usr/lib/jvm/java-17-openjdk-amd64/lib/libnet.so
7c20f0d0c000-7c20f0d0d000 ---p 00000000 00:00 0 
7c20f0d0d000-7c20f0e0d000 rw-p 00000000 00:00 0 
7c20f0e0d000-7c20f0e0e000 ---p 00000000 00:00 0 
7c20f0e0e000-7c20f0f0e000 rw-p 00000000 00:00 0 
7c20f0f0e000-7c20f1110000 rw-p 00000000 00:00 0 
7c20f1110000-7c20f1111000 ---p 00000000 00:00 0 
7c20f1111000-7c20f1211000 rw-p 00000000 00:00 0 
7c20f1211000-7c20f1212000 ---p 00000000 00:00 0 
7c20f1212000-7c20f1312000 rw-p 00000000 00:00 0 
7c20f1312000-7c20f1313000 ---p 00000000 00:00 0 
7c20f1313000-7c20f1413000 rw-p 00000000 00:00 0 
7c20f1413000-7c20f181a000 rw-p 00000000 00:00 0 
7c20f181a000-7c20f1900000 ---p 00000000 00:00 0 
7c20f1900000-7c20f1904000 ---p 00000000 00:00 0 
7c20f1904000-7c20f1a00000 rw-p 00000000 00:00 0 
7c20f1a00000-7c20f1a9a000 r--p 00000000 08:03 6161181                    /usr/lib/x86_64-linux-gnu/libstdc++.so.6.0.30
7c20f1a9a000-7c20f1bab000 r-xp 0009a000 08:03 6161181                    /usr/lib/x86_64-linux-gnu/libstdc++.so.6.0.30
7c20f1bab000-7c20f1c1a000 r--p 001ab000 08:03 6161181                    /usr/lib/x86_64-linux-gnu/libstdc++.so.6.0.30
7c20f1c1a000-7c20f1c1b000 ---p 0021a000 08:03 6161181                    /usr/lib/x86_64-linux-gnu/libstdc++.so.6.0.30
7c20f1c1b000-7c20f1c26000 r--p 0021a000 08:03 6161181                    /usr/lib/x86_64-linux-gnu/libstdc++.so.6.0.30
7c20f1c26000-7c20f1c29000 rw-p 00225000 08:03 6161181                    /usr/lib/x86_64-linux-gnu/libstdc++.so.6.0.30
7c20f1c29000-7c20f1c2c000 rw-p 00000000 00:00 0 
7c20f1c2e000-7c20f1c33000 rw-p 00000000 00:00 0 
7c20f1c33000-7c20f1d19000 ---p 00000000 00:00 0 
7c20f1d19000-7c20f1d27000 r--p 00000000 08:03 6162583                    /usr/lib/x86_64-linux-gnu/libm.so.6
7c20f1d27000-7c20f1da3000 r-xp 0000e000 08:03 6162583                    /usr/lib/x86_64-linux-gnu/libm.so.6
7c20f1da3000-7c20f1dfe000 r--p 0008a000 08:03 6162583                    /usr/lib/x86_64-linux-gnu/libm.so.6
7c20f1dfe000-7c20f1dff000 r--p 000e4000 08:03 6162583                    /usr/lib/x86_64-linux-gnu/libm.so.6
7c20f1dff000-7c20f1e00000 rw-p 000e5000 08:03 6162583                    /usr/lib/x86_64-linux-gnu/libm.so.6
7c20f1e00000-7c20f2051000 r--p 00000000 08:03 6293571                    /usr/lib/jvm/java-17-openjdk-amd64/lib/server/libjvm.so
7c20f2051000-7c20f2dc6000 r-xp 00251000 08:03 6293571                    /usr/lib/jvm/java-17-openjdk-amd64/lib/server/libjvm.so
7c20f2dc6000-7c20f3049000 r--p 00fc6000 08:03 6293571                    /usr/lib/jvm/java-17-openjdk-amd64/lib/server/libjvm.so
7c20f3049000-7c20f304a000 ---p 01249000 08:03 6293571                    /usr/lib/jvm/java-17-openjdk-amd64/lib/server/libjvm.so
7c20f304a000-7c20f3102000 r--p 01249000 08:03 6293571                    /usr/lib/jvm/java-17-openjdk-amd64/lib/server/libjvm.so
7c20f3102000-7c20f3137000 rw-p 01301000 08:03 6293571                    /usr/lib/jvm/java-17-openjdk-amd64/lib/server/libjvm.so
7c20f3137000-7c20f3191000 rw-p 00000000 00:00 0 
7c20f3195000-7c20f3197000 r--p 00000000 08:03 6293566                    /usr/lib/jvm/java-17-openjdk-amd64/lib/libzip.so
7c20f3197000-7c20f319c000 r-xp 00002000 08:03 6293566                    /usr/lib/jvm/java-17-openjdk-amd64/lib/libzip.so
7c20f319c000-7c20f319e000 r--p 00007000 08:03 6293566                    /usr/lib/jvm/java-17-openjdk-amd64/lib/libzip.so
7c20f319e000-7c20f319f000 r--p 00008000 08:03 6293566                    /usr/lib/jvm/java-17-openjdk-amd64/lib/libzip.so
7c20f319f000-7c20f31a0000 rw-p 00009000 08:03 6293566                    /usr/lib/jvm/java-17-openjdk-amd64/lib/libzip.so
7c20f31a0000-7c20f31bf000 rw-p 00000000 00:00 0 
7c20f31bf000-7c20f3200000 rw-p 00000000 00:00 0 
7c20f3200000-7c20f3228000 r--p 00000000 08:03 6162573                    /usr/lib/x86_64-linux-gnu/libc.so.6
7c20f3228000-7c20f33bd000 r-xp 00028000 08:03 6162573                    /usr/lib/x86_64-linux-gnu/libc.so.6
7c20f33bd000-7c20f3415000 r--p 001bd000 08:03 6162573                    /usr/lib/x86_64-linux-gnu/libc.so.6
7c20f3415000-7c20f3416000 ---p 00215000 08:03 6162573                    /usr/lib/x86_64-linux-gnu/libc.so.6
7c20f3416000-7c20f341a000 r--p 00215000 08:03 6162573                    /usr/lib/x86_64-linux-gnu/libc.so.6
7c20f341a000-7c20f341c000 rw-p 00219000 08:03 6162573                    /usr/lib/x86_64-linux-gnu/libc.so.6
7c20f341c000-7c20f3429000 rw-p 00000000 00:00 0 
7c20f342e000-7c20f3435000 r--p 00000000 08:03 6293518                    /usr/lib/jvm/java-17-openjdk-amd64/lib/libnio.so
7c20f3435000-7c20f343e000 r-xp 00007000 08:03 6293518                    /usr/lib/jvm/java-17-openjdk-amd64/lib/libnio.so
7c20f343e000-7c20f3442000 r--p 00010000 08:03 6293518                    /usr/lib/jvm/java-17-openjdk-amd64/lib/libnio.so
7c20f3442000-7c20f3443000 ---p 00014000 08:03 6293518                    /usr/lib/jvm/java-17-openjdk-amd64/lib/libnio.so
7c20f3443000-7c20f3444000 r--p 00014000 08:03 6293518                    /usr/lib/jvm/java-17-openjdk-amd64/lib/libnio.so
7c20f3444000-7c20f3445000 rw-p 00015000 08:03 6293518                    /usr/lib/jvm/java-17-openjdk-amd64/lib/libnio.so
7c20f3445000-7c20f344a000 rw-p 00000000 00:00 0 
7c20f344a000-7c20f3451000 ---p 00000000 00:00 0 
7c20f3451000-7c20f345d000 r--p 00000000 08:03 6293409                    /usr/lib/jvm/java-17-openjdk-amd64/lib/libjava.so
7c20f345d000-7c20f3470000 r-xp 0000c000 08:03 6293409                    /usr/lib/jvm/java-17-openjdk-amd64/lib/libjava.so
7c20f3470000-7c20f3476000 r--p 0001f000 08:03 6293409                    /usr/lib/jvm/java-17-openjdk-amd64/lib/libjava.so
7c20f3476000-7c20f3477000 r--p 00024000 08:03 6293409                    /usr/lib/jvm/java-17-openjdk-amd64/lib/libjava.so
7c20f3477000-7c20f3478000 rw-p 00025000 08:03 6293409                    /usr/lib/jvm/java-17-openjdk-amd64/lib/libjava.so
7c20f3478000-7c20f3479000 rw-p 00000000 00:00 0 
7c20f3479000-7c20f3481000 rw-s 00000000 08:03 4849730                    /tmp/hsperfdata_maanaim-som/8801
7c20f3481000-7c20f3484000 r--p 00000000 08:03 6168284                    /usr/lib/x86_64-linux-gnu/libgcc_s.so.1
7c20f3484000-7c20f349b000 r-xp 00003000 08:03 6168284                    /usr/lib/x86_64-linux-gnu/libgcc_s.so.1
7c20f349b000-7c20f349f000 r--p 0001a000 08:03 6168284                    /usr/lib/x86_64-linux-gnu/libgcc_s.so.1
7c20f349f000-7c20f34a0000 r--p 0001d000 08:03 6168284                    /usr/lib/x86_64-linux-gnu/libgcc_s.so.1
7c20f34a0000-7c20f34a1000 rw-p 0001e000 08:03 6168284                    /usr/lib/x86_64-linux-gnu/libgcc_s.so.1
7c20f34a1000-7c20f34a4000 rw-p 00000000 00:00 0 
7c20f34a4000-7c20f34a6000 r--p 00000000 08:03 6293428                    /usr/lib/jvm/java-17-openjdk-amd64/lib/libjli.so
7c20f34a6000-7c20f34b0000 r-xp 00002000 08:03 6293428                    /usr/lib/jvm/java-17-openjdk-amd64/lib/libjli.so
7c20f34b0000-7c20f34b3000 r--p 0000c000 08:03 6293428                    /usr/lib/jvm/java-17-openjdk-amd64/lib/libjli.so
7c20f34b3000-7c20f34b4000 r--p 0000e000 08:03 6293428                    /usr/lib/jvm/java-17-openjdk-amd64/lib/libjli.so
7c20f34b4000-7c20f34b5000 rw-p 0000f000 08:03 6293428                    /usr/lib/jvm/java-17-openjdk-amd64/lib/libjli.so
7c20f34b5000-7c20f34b7000 r--p 00000000 08:03 6160448                    /usr/lib/x86_64-linux-gnu/libz.so.1.2.11
7c20f34b7000-7c20f34c8000 r-xp 00002000 08:03 6160448                    /usr/lib/x86_64-linux-gnu/libz.so.1.2.11
7c20f34c8000-7c20f34ce000 r--p 00013000 08:03 6160448                    /usr/lib/x86_64-linux-gnu/libz.so.1.2.11
7c20f34ce000-7c20f34cf000 ---p 00019000 08:03 6160448                    /usr/lib/x86_64-linux-gnu/libz.so.1.2.11
7c20f34cf000-7c20f34d0000 r--p 00019000 08:03 6160448                    /usr/lib/x86_64-linux-gnu/libz.so.1.2.11
7c20f34d0000-7c20f34d1000 rw-p 0001a000 08:03 6160448                    /usr/lib/x86_64-linux-gnu/libz.so.1.2.11
7c20f34d3000-7c20f34d6000 rw-p 00000000 00:00 0 
7c20f34d6000-7c20f34d7000 ---p 00000000 00:00 0 
7c20f34d7000-7c20f34d8000 r--p 00000000 00:00 0 
7c20f34d8000-7c20f34da000 r--p 00000000 08:03 6293426                    /usr/lib/jvm/java-17-openjdk-amd64/lib/libjimage.so
7c20f34da000-7c20f34dd000 r-xp 00002000 08:03 6293426                    /usr/lib/jvm/java-17-openjdk-amd64/lib/libjimage.so
7c20f34dd000-7c20f34de000 r--p 00005000 08:03 6293426                    /usr/lib/jvm/java-17-openjdk-amd64/lib/libjimage.so
7c20f34de000-7c20f34df000 ---p 00006000 08:03 6293426                    /usr/lib/jvm/java-17-openjdk-amd64/lib/libjimage.so
7c20f34df000-7c20f34e0000 r--p 00006000 08:03 6293426                    /usr/lib/jvm/java-17-openjdk-amd64/lib/libjimage.so
7c20f34e0000-7c20f34e1000 rw-p 00007000 08:03 6293426                    /usr/lib/jvm/java-17-openjdk-amd64/lib/libjimage.so
7c20f34e1000-7c20f34e3000 rw-p 00000000 00:00 0 
7c20f34e3000-7c20f34e5000 r--p 00000000 08:03 6162565                    /usr/lib/x86_64-linux-gnu/ld-linux-x86-64.so.2
7c20f34e5000-7c20f350f000 r-xp 00002000 08:03 6162565                    /usr/lib/x86_64-linux-gnu/ld-linux-x86-64.so.2
7c20f350f000-7c20f351a000 r--p 0002c000 08:03 6162565                    /usr/lib/x86_64-linux-gnu/ld-linux-x86-64.so.2
7c20f351a000-7c20f351b000 ---p 00000000 00:00 0 
7c20f351b000-7c20f351d000 r--p 00037000 08:03 6162565                    /usr/lib/x86_64-linux-gnu/ld-linux-x86-64.so.2
7c20f351d000-7c20f351f000 rw-p 00039000 08:03 6162565                    /usr/lib/x86_64-linux-gnu/ld-linux-x86-64.so.2
7ffd996cd000-7ffd996ee000 rw-p 00000000 00:00 0                          [stack]
7ffd997eb000-7ffd997ef000 r--p 00000000 00:00 0                          [vvar]
7ffd997ef000-7ffd997f1000 r-xp 00000000 00:00 0                          [vdso]
ffffffffff600000-ffffffffff601000 --xp 00000000 00:00 0                  [vsyscall]


VM Arguments:
jvm_args: -Xmx64m -Xms64m -Dorg.gradle.appname=gradlew 
java_command: /home/maanaim-som/estudos/E-Commerce-API/gradle/wrapper/gradle-wrapper.jar bootRun
java_class_path (initial): /home/maanaim-som/estudos/E-Commerce-API/gradle/wrapper/gradle-wrapper.jar
Launcher Type: SUN_STANDARD

[Global flags]
     intx CICompilerCount                          = 2                                         {product} {ergonomic}
     uint ConcGCThreads                            = 1                                         {product} {ergonomic}
     uint G1ConcRefinementThreads                  = 2                                         {product} {ergonomic}
   size_t G1HeapRegionSize                         = 1048576                                   {product} {ergonomic}
    uintx GCDrainStackTargetSize                   = 64                                        {product} {ergonomic}
   size_t InitialHeapSize                          = 67108864                                  {product} {command line}
   size_t MarkStackSize                            = 4194304                                   {product} {ergonomic}
   size_t MaxHeapSize                              = 67108864                                  {product} {command line}
   size_t MaxNewSize                               = 39845888                                  {product} {ergonomic}
   size_t MinHeapDeltaBytes                        = 1048576                                   {product} {ergonomic}
   size_t MinHeapSize                              = 67108864                                  {product} {command line}
    uintx NonNMethodCodeHeapSize                   = 5826188                                {pd product} {ergonomic}
    uintx NonProfiledCodeHeapSize                  = 122916026                              {pd product} {ergonomic}
    uintx ProfiledCodeHeapSize                     = 122916026                              {pd product} {ergonomic}
    uintx ReservedCodeCacheSize                    = 251658240                              {pd product} {ergonomic}
     bool SegmentedCodeCache                       = true                                      {product} {ergonomic}
   size_t SoftMaxHeapSize                          = 67108864                               {manageable} {ergonomic}
     bool UseCompressedClassPointers               = true                           {product lp64_product} {ergonomic}
     bool UseCompressedOops                        = true                           {product lp64_product} {ergonomic}
     bool UseG1GC                                  = true                                      {product} {ergonomic}

Logging:
Log output configuration:
 #0: stdout all=warning uptime,level,tags
 #1: stderr all=off uptime,level,tags

Environment Variables:
PATH=/usr/local/sbin:/usr/local/bin:/usr/sbin:/usr/bin:/sbin:/bin:/usr/games:/usr/local/games:/snap/bin:/snap/bin
USERNAME=maanaim-som
SHELL=/bin/bash
DISPLAY=:0
LANG=pt_BR.UTF-8
TERM=xterm-256color

Active Locale:
LC_ALL=pt_BR.UTF-8
LC_COLLATE=pt_BR.UTF-8
LC_CTYPE=pt_BR.UTF-8
LC_MESSAGES=pt_BR.UTF-8
LC_MONETARY=pt_BR.UTF-8
LC_NUMERIC=pt_BR.UTF-8
LC_TIME=pt_BR.UTF-8

Signal Handlers:
   SIGSEGV: crash_handler in libjvm.so, mask=11100100010111111101111111111110, flags=SA_RESTART|SA_SIGINFO, unblocked
    SIGBUS: crash_handler in libjvm.so, mask=11100100010111111101111111111110, flags=SA_RESTART|SA_SIGINFO, unblocked
    SIGFPE: crash_handler in libjvm.so, mask=11100100010111111101111111111110, flags=SA_RESTART|SA_SIGINFO, unblocked
   SIGPIPE: javaSignalHandler in libjvm.so, mask=11100100010111111101111111111110, flags=SA_RESTART|SA_SIGINFO, blocked
   SIGXFSZ: javaSignalHandler in libjvm.so, mask=11100100010111111101111111111110, flags=SA_RESTART|SA_SIGINFO, blocked
    SIGILL: crash_handler in libjvm.so, mask=11100100010111111101111111111110, flags=SA_RESTART|SA_SIGINFO, unblocked
   SIGUSR2: SR_handler in libjvm.so, mask=00000000000000000000000000000000, flags=SA_RESTART|SA_SIGINFO, blocked
    SIGHUP: UserHandler in libjvm.so, mask=11100100010111111101111111111110, flags=SA_RESTART|SA_SIGINFO, blocked
    SIGINT: UserHandler in libjvm.so, mask=11100100010111111101111111111110, flags=SA_RESTART|SA_SIGINFO, blocked
   SIGTERM: UserHandler in libjvm.so, mask=11100100010111111101111111111110, flags=SA_RESTART|SA_SIGINFO, blocked
   SIGQUIT: UserHandler in libjvm.so, mask=11100100010111111101111111111110, flags=SA_RESTART|SA_SIGINFO, blocked
   SIGTRAP: crash_handler in libjvm.so, mask=11100100010111111101111111111110, flags=SA_RESTART|SA_SIGINFO, unblocked


Periodic native trim disabled


---------------  S Y S T E M  ---------------

OS:
DISTRIB_ID=Ubuntu
DISTRIB_RELEASE=22.04
DISTRIB_CODENAME=jammy
DISTRIB_DESCRIPTION="Ubuntu 22.04.5 LTS"
uname: Linux 6.8.0-65-generic #68~22.04.1-Ubuntu SMP PREEMPT_DYNAMIC Tue Jul 15 18:06:34 UTC 2 x86_64
OS uptime: 0 days 1:11 hours
libc: glibc 2.35 NPTL 2.35 
rlimit (soft/hard): STACK 8192k/infinity , CORE 0k/infinity , NPROC 15185/15185 , NOFILE 1048576/1048576 , AS infinity/infinity , CPU infinity/infinity , DATA infinity/infinity , FSIZE infinity/infinity , MEMLOCK 496292k/496292k
load average: 1,16 0,99 1,10

/proc/meminfo:
MemTotal:        3970336 kB
MemFree:          255416 kB
MemAvailable:    1199896 kB
Buffers:           33036 kB
Cached:          1296448 kB
SwapCached:        23952 kB
Active:          1557056 kB
Inactive:        1544620 kB
Active(anon):    1130048 kB
Inactive(anon):   851896 kB
Active(file):     427008 kB
Inactive(file):   692724 kB
Unevictable:      206304 kB
Mlocked:              32 kB
SwapTotal:       2097148 kB
SwapFree:         999420 kB
Zswap:                 0 kB
Zswapped:              0 kB
Dirty:               312 kB
Writeback:             0 kB
AnonPages:       1957300 kB
Mapped:           522948 kB
Shmem:            285596 kB
KReclaimable:     106460 kB
Slab:             247472 kB
SReclaimable:     106460 kB
SUnreclaim:       141012 kB
KernelStack:       15736 kB
PageTables:        43588 kB
SecPageTables:         0 kB
NFS_Unstable:          0 kB
Bounce:                0 kB
WritebackTmp:          0 kB
CommitLimit:     4082316 kB
Committed_AS:   12039580 kB
VmallocTotal:   34359738367 kB
VmallocUsed:       44684 kB
VmallocChunk:          0 kB
Percpu:             1744 kB
HardwareCorrupted:     0 kB
AnonHugePages:         0 kB
ShmemHugePages:        0 kB
ShmemPmdMapped:        0 kB
FileHugePages:         0 kB
FilePmdMapped:         0 kB
Unaccepted:            0 kB
HugePages_Total:       0
HugePages_Free:        0
HugePages_Rsvd:        0
HugePages_Surp:        0
Hugepagesize:       2048 kB
Hugetlb:               0 kB
DirectMap4k:      166652 kB
DirectMap2M:     3987456 kB

/sys/kernel/mm/transparent_hugepage/enabled: always [madvise] never
/sys/kernel/mm/transparent_hugepage/hpage_pmd_size: 2097152
/sys/kernel/mm/transparent_hugepage/defrag (defrag/compaction efforts parameter): always defer defer+madvise [madvise] never

Process Memory:
Virtual Size: 2648720K (peak: 2706880K)
Resident Set Size: 41728K (peak: 41728K) (anon: 19968K, file: 21760K, shmem: 0K)
Swapped out: 0K
C-Heap outstanding allocations: 10996K, retained: 1827K
glibc malloc tunables: (default)

/proc/sys/kernel/threads-max (system-wide limit on the number of threads): 30370
/proc/sys/vm/max_map_count (maximum number of memory map areas a process may have): 65530
/proc/sys/vm/swappiness (control to define how aggressively the kernel swaps out anonymous memory): 60
/proc/sys/kernel/pid_max (system-wide limit on number of process identifiers): 4194304

container (cgroup) information:
container_type: cgroupv2
cpu_cpuset_cpus: not supported
cpu_memory_nodes: not supported
active_processor_count: 2
cpu_quota: not supported
cpu_period: not supported
cpu_shares: not supported
memory_limit_in_bytes: unlimited
memory_and_swap_limit_in_bytes: unlimited
memory_soft_limit_in_bytes: 0
memory_usage_in_bytes: 722220 k
memory_max_usage_in_bytes: not supported
memory_swap_current_in_bytes: 2252 k
memory_swap_max_limit_in_bytes: unlimited
maximum number of tasks: 4555
current number of tasks: 60

Steal ticks since vm start: 0
Steal ticks percentage since vm start:  0,000

CPU: total 2 (initial active 2) (2 cores per cpu, 1 threads per core) family 6 model 23 stepping 10 microcode 0xa0b, cx8, cmov, fxsr, mmx, sse, sse2, sse3, ssse3, sse4.1, tsc, clflush
CPU Model and flags from /proc/cpuinfo:
model name	: Intel(R) Core(TM)2 Duo CPU     T6600  @ 2.20GHz
flags		: fpu vme de pse tsc msr pae mce cx8 apic sep mtrr pge mca cmov pat pse36 clflush dts acpi mmx fxsr sse sse2 ht tm pbe syscall nx lm constant_tsc arch_perfmon pebs bts rep_good nopl cpuid aperfmperf pni dtes64 monitor ds_cpl est tm2 ssse3 cx16 xtpr pdcm sse4_1 xsave lahf_lm pti dtherm

Online cpus: 0-1
Offline cpus: 
BIOS frequency limitation: 2200000
Frequency switch latency (ns): 10000
Available cpu frequencies: 2200000 1600000 1200000 
Current governor: schedutil
Core performance/turbo boost: <Not Available>

Memory: 4k page, physical 3970336k(255416k free), swap 2097148k(999420k free)
Page Sizes: 4k

vm_info: OpenJDK 64-Bit Server VM (17.0.16+8-Ubuntu-0ubuntu122.04.1) for linux-amd64 JRE (17.0.16+8-Ubuntu-0ubuntu122.04.1), built on Jul 17 2025 00:00:46 by "buildd" with gcc 11.4.0

END.
