> Task :compileJava UP-TO-DATE
> Task :processResources UP-TO-DATE
> Task :classes UP-TO-DATE
> Task :resolveMainClassName UP-TO-DATE

> Task :bootRun

  .   ____          _            __ _ _
 /\\ / ___'_ __ _ _(_)_ __  __ _ \ \ \ \
( ( )\___ | '_ | '_| | '_ \/ _` | \ \ \ \
 \\/  ___)| |_)| | | | | || (_| |  ) ) ) )
  '  |____| .__|_| |_|_| |_\__, | / / / /
 =========|_|==============|___/=/_/_/_/

 :: Spring Boot ::                (v3.5.4)

2025-09-02T11:17:23.626-03:00  INFO 10911 --- [ecommerce-api] [           main] c.m.ecommerce.EcommerceApiApplication    : Starting EcommerceApiApplication using Java 17.0.16 with PID 10911 (/...dados apagados..../)
2025-09-02T11:17:23.641-03:00  INFO 10911 --- [ecommerce-api] [           main] c.m.ecommerce.EcommerceApiApplication    : No active profile set, falling back to 1 default profile: "default"
2025-09-02T11:17:26.287-03:00  INFO 10911 --- [ecommerce-api] [           main] .s.d.r.c.RepositoryConfigurationDelegate : Bootstrapping Spring Data JPA repositories in DEFAULT mode.
2025-09-02T11:17:26.429-03:00  INFO 10911 --- [ecommerce-api] [           main] .s.d.r.c.RepositoryConfigurationDelegate : Finished Spring Data repository scanning in 121 ms. Found 4 JPA repository interfaces.
2025-09-02T11:17:28.261-03:00  INFO 10911 --- [ecommerce-api] [           main] o.s.b.w.embedded.tomcat.TomcatWebServer  : Tomcat initialized with port 8080 (http)
2025-09-02T11:17:28.296-03:00  INFO 10911 --- [ecommerce-api] [           main] o.apache.catalina.core.StandardService   : Starting service [Tomcat]
2025-09-02T11:17:28.297-03:00  INFO 10911 --- [ecommerce-api] [           main] o.apache.catalina.core.StandardEngine    : Starting Servlet engine: [Apache Tomcat/10.1.43]
2025-09-02T11:17:28.433-03:00  INFO 10911 --- [ecommerce-api] [           main] o.a.c.c.C.[Tomcat].[localhost].[/]       : Initializing Spring embedded WebApplicationContext
2025-09-02T11:17:28.441-03:00  INFO 10911 --- [ecommerce-api] [           main] w.s.c.ServletWebServerApplicationContext : Root WebApplicationContext: initialization completed in 4576 ms
2025-09-02T11:17:28.894-03:00  INFO 10911 --- [ecommerce-api] [           main] o.hibernate.jpa.internal.util.LogHelper  : HHH000204: Processing PersistenceUnitInfo [name: default]
2025-09-02T11:17:28.982-03:00  INFO 10911 --- [ecommerce-api] [           main] org.hibernate.Version                    : HHH000412: Hibernate ORM core version 6.6.22.Final
2025-09-02T11:17:29.060-03:00  INFO 10911 --- [ecommerce-api] [           main] o.h.c.internal.RegionFactoryInitiator    : HHH000026: Second-level cache disabled
2025-09-02T11:17:29.848-03:00  INFO 10911 --- [ecommerce-api] [           main] o.s.o.j.p.SpringPersistenceUnitInfo      : No LoadTimeWeaver setup: ignoring JPA class transformer
2025-09-02T11:17:29.982-03:00  INFO 10911 --- [ecommerce-api] [           main] com.zaxxer.hikari.HikariDataSource       : HikariPool-1 - Starting...
2025-09-02T11:17:30.992-03:00  INFO 10911 --- [ecommerce-api] [           main] com.zaxxer.hikari.pool.HikariPool        : HikariPool-1 - Added connection com.mysql.cj.jdbc.ConnectionImpl@10d98940
2025-09-02T11:17:30.999-03:00  INFO 10911 --- [ecommerce-api] [           main] com.zaxxer.hikari.HikariDataSource       : HikariPool-1 - Start completed.
2025-09-02T11:17:31.254-03:00  WARN 10911 --- [ecommerce-api] [           main] org.hibernate.orm.deprecation            : HHH90000025: MySQL8Dialect does not need to be specified explicitly using 'hibernate.dialect' (remove the property setting and it will be selected by default)
2025-09-02T11:17:31.257-03:00  WARN 10911 --- [ecommerce-api] [           main] org.hibernate.orm.deprecation            : HHH90000026: MySQL8Dialect has been deprecated; use org.hibernate.dialect.MySQLDialect instead
2025-09-02T11:17:31.388-03:00  INFO 10911 --- [ecommerce-api] [           main] org.hibernate.orm.connections.pooling    : HHH10001005: Database info:
	Database JDBC URL [Connecting through datasource 'HikariDataSource (HikariPool-1)']
	Database driver: undefined/unknown
	Database version: 8.0
	Autocommit mode: undefined/unknown
	Isolation level: undefined/unknown
	Minimum pool size: undefined/unknown
	Maximum pool size: undefined/unknown
2025-09-02T11:17:34.495-03:00  INFO 10911 --- [ecommerce-api] [           main] o.h.e.t.j.p.i.JtaPlatformInitiator       : HHH000489: No JTA platform available (set 'hibernate.transaction.jta.platform' to enable JTA platform integration)
2025-09-02T11:17:34.649-03:00  INFO 10911 --- [ecommerce-api] [           main] j.LocalContainerEntityManagerFactoryBean : Initialized JPA EntityManagerFactory for persistence unit 'default'
2025-09-02T11:17:35.345-03:00  INFO 10911 --- [ecommerce-api] [           main] o.s.d.j.r.query.QueryEnhancerFactory     : Hibernate is in classpath; If applicable, HQL parser will be used.
2025-09-02T11:17:37.112-03:00  WARN 10911 --- [ecommerce-api] [           main] JpaBaseConfiguration$JpaWebConfiguration : spring.jpa.open-in-view is enabled by default. Therefore, database queries may be performed during view rendering. Explicitly configure spring.jpa.open-in-view to disable this warning
2025-09-02T11:17:37.328-03:00 DEBUG 10911 --- [ecommerce-api] [           main] s.w.s.m.m.a.RequestMappingHandlerMapping : 16 mappings in 'requestMappingHandlerMapping'
2025-09-02T11:17:37.665-03:00 DEBUG 10911 --- [ecommerce-api] [           main] o.s.w.s.handler.SimpleUrlHandlerMapping  : Patterns [/webjars/**, /**] in 'resourceHandlerMapping'
2025-09-02T11:17:37.710-03:00  INFO 10911 --- [ecommerce-api] [           main] r$InitializeUserDetailsManagerConfigurer : Global AuthenticationManager configured with UserDetailsService bean with name customUserDetailsService
2025-09-02T11:17:38.052-03:00 DEBUG 10911 --- [ecommerce-api] [           main] s.w.s.m.m.a.RequestMappingHandlerAdapter : ControllerAdvice beans: 0 @ModelAttribute, 0 @InitBinder, 1 RequestBodyAdvice, 1 ResponseBodyAdvice
2025-09-02T11:17:38.145-03:00 DEBUG 10911 --- [ecommerce-api] [           main] .m.m.a.ExceptionHandlerExceptionResolver : ControllerAdvice beans: 2 @ExceptionHandler, 1 ResponseBodyAdvice
2025-09-02T11:17:38.403-03:00  INFO 10911 --- [ecommerce-api] [           main] o.s.b.w.embedded.tomcat.TomcatWebServer  : Tomcat started on port 8080 (http) with context path '/'
2025-09-02T11:17:38.422-03:00  INFO 10911 --- [ecommerce-api] [           main] c.m.ecommerce.EcommerceApiApplication    : Started EcommerceApiApplication in 15.948 seconds (process running for 17.199)
